# JRE version: Java(TM) SE Runtime Environment (17.0.8+9) (build 17.0.8+9-LTS-211)
# Java VM: Java HotSpot(TM) 64-Bit Server VM (17.0.8+9-LTS-211, mixed mode, sharing, tiered, compressed oops, compressed class ptrs, g1 gc, windows-amd64)
GC Precious Log:
 CPUs: 4 total, 4 available
 Memory: 8107M
 Large Page Support: Disabled
 NUMA Support: Disabled
 Compressed Oops: Enabled (32-bit)
 Heap Region Size: 1M
 Heap Min Capacity: 256M
 Heap Initial Capacity: 256M
 Heap Max Capacity: 512M
 Pre-touch: Disabled
 Parallel Workers: 4
 Concurrent Workers: 1
 Concurrent Refinement Workers: 4
 Periodic GC: Disabled
Heap:
 garbage-first heap   total 295936K, used 175032K [0x00000000e0000000, 0x0000000100000000)
  region size 1024K, 56 young (57344K), 1 survivors (1024K)
 Metaspace       used 73722K, committed 74496K, reserved 393216K
  class space    used 9949K, committed 10304K, reserved 327680K
GC Heap History (20 events):
Event: 114.705 GC heap before
{Heap before GC invocations=33 (full 0):
 garbage-first heap   total 262144K, used 131684K [0x00000000e0000000, 0x0000000100000000)
  region size 1024K, 15 young (15360K), 14 survivors (14336K)
 Metaspace       used 71990K, committed 73472K, reserved 393216K
  class space    used 9729K, committed 10176K, reserved 327680K
}
Event: 114.739 GC heap after
{Heap after GC invocations=34 (full 0):
 garbage-first heap   total 262144K, used 133178K [0x00000000e0000000, 0x0000000100000000)
  region size 1024K, 2 young (2048K), 2 survivors (2048K)
 Metaspace       used 71990K, committed 73472K, reserved 393216K
  class space    used 9729K, committed 10176K, reserved 327680K
}
Event: 117.563 GC heap before
{Heap before GC invocations=35 (full 0):
 garbage-first heap   total 262144K, used 176186K [0x00000000e0000000, 0x0000000100000000)
  region size 1024K, 50 young (51200K), 2 survivors (2048K)
 Metaspace       used 72057K, committed 73536K, reserved 393216K
  class space    used 9731K, committed 10176K, reserved 327680K
}
Event: 117.585 GC heap after
{Heap after GC invocations=36 (full 0):
 garbage-first heap   total 262144K, used 143097K [0x00000000e0000000, 0x0000000100000000)
  region size 1024K, 7 young (7168K), 7 survivors (7168K)
 Metaspace       used 72057K, committed 73536K, reserved 393216K
  class space    used 9731K, committed 10176K, reserved 327680K
}
Event: 117.744 GC heap before
{Heap before GC invocations=36 (full 0):
 garbage-first heap   total 262144K, used 148217K [0x00000000e0000000, 0x0000000100000000)
  region size 1024K, 12 young (12288K), 7 survivors (7168K)
 Metaspace       used 72061K, committed 73536K, reserved 393216K
  class space    used 9731K, committed 10176K, reserved 327680K
}
Event: 117.759 GC heap after
{Heap after GC invocations=37 (full 0):
 garbage-first heap   total 262144K, used 143234K [0x00000000e0000000, 0x0000000100000000)
  region size 1024K, 2 young (2048K), 2 survivors (2048K)
 Metaspace       used 72061K, committed 73536K, reserved 393216K
  class space    used 9731K, committed 10176K, reserved 327680K
}
Event: 118.971 GC heap before
{Heap before GC invocations=37 (full 0):
 garbage-first heap   total 262144K, used 187266K [0x00000000e0000000, 0x0000000100000000)
  region size 1024K, 45 young (46080K), 2 survivors (2048K)
 Metaspace       used 72216K, committed 73536K, reserved 393216K
  class space    used 9738K, committed 10176K, reserved 327680K
}
Event: 118.991 GC heap after
{Heap after GC invocations=38 (full 0):
 garbage-first heap   total 262144K, used 150867K [0x00000000e0000000, 0x0000000100000000)
  region size 1024K, 6 young (6144K), 6 survivors (6144K)
 Metaspace       used 72216K, committed 73536K, reserved 393216K
  class space    used 9738K, committed 10176K, reserved 327680K
}
Event: 120.726 GC heap before
{Heap before GC invocations=39 (full 0):
 garbage-first heap   total 262144K, used 191827K [0x00000000e0000000, 0x0000000100000000)
  region size 1024K, 49 young (50176K), 6 survivors (6144K)
 Metaspace       used 72370K, committed 73536K, reserved 393216K
  class space    used 9739K, committed 10176K, reserved 327680K
}
Event: 120.744 GC heap after
{Heap after GC invocations=40 (full 0):
 garbage-first heap   total 262144K, used 149483K [0x00000000e0000000, 0x0000000100000000)
  region size 1024K, 2 young (2048K), 2 survivors (2048K)
 Metaspace       used 72370K, committed 73536K, reserved 393216K
  class space    used 9739K, committed 10176K, reserved 327680K
}
Event: 120.989 GC heap before
{Heap before GC invocations=40 (full 0):
 garbage-first heap   total 262144K, used 159723K [0x00000000e0000000, 0x0000000100000000)
  region size 1024K, 12 young (12288K), 2 survivors (2048K)
 Metaspace       used 72381K, committed 73536K, reserved 393216K
  class space    used 9739K, committed 10176K, reserved 327680K
}
Event: 121.000 GC heap after
{Heap after GC invocations=41 (full 0):
 garbage-first heap   total 262144K, used 144606K [0x00000000e0000000, 0x0000000100000000)
  region size 1024K, 1 young (1024K), 1 survivors (1024K)
 Metaspace       used 72381K, committed 73536K, reserved 393216K
  class space    used 9739K, committed 10176K, reserved 327680K
}
Event: 122.774 GC heap before
{Heap before GC invocations=41 (full 0):
 garbage-first heap   total 262144K, used 172254K [0x00000000e0000000, 0x0000000100000000)
  region size 1024K, 30 young (30720K), 1 survivors (1024K)
 Metaspace       used 72575K, committed 73536K, reserved 393216K
  class space    used 9762K, committed 10176K, reserved 327680K
}
Event: 122.783 GC heap after
{Heap after GC invocations=42 (full 0):
 garbage-first heap   total 262144K, used 141220K [0x00000000e0000000, 0x0000000100000000)
  region size 1024K, 2 young (2048K), 2 survivors (2048K)
 Metaspace       used 72575K, committed 73536K, reserved 393216K
  class space    used 9762K, committed 10176K, reserved 327680K
}
Event: 123.550 GC heap before
{Heap before GC invocations=43 (full 0):
 garbage-first heap   total 295936K, used 200612K [0x00000000e0000000, 0x0000000100000000)
  region size 1024K, 60 young (61440K), 2 survivors (2048K)
 Metaspace       used 72593K, committed 73536K, reserved 393216K
  class space    used 9762K, committed 10176K, reserved 327680K
}
Event: 123.559 GC heap after
{Heap after GC invocations=44 (full 0):
 garbage-first heap   total 295936K, used 143187K [0x00000000e0000000, 0x0000000100000000)
  region size 1024K, 3 young (3072K), 3 survivors (3072K)
 Metaspace       used 72593K, committed 73536K, reserved 393216K
  class space    used 9762K, committed 10176K, reserved 327680K
}
Event: 123.678 GC heap before
{Heap before GC invocations=44 (full 0):
 garbage-first heap   total 295936K, used 153427K [0x00000000e0000000, 0x0000000100000000)
  region size 1024K, 14 young (14336K), 3 survivors (3072K)
 Metaspace       used 72612K, committed 73600K, reserved 393216K
  class space    used 9766K, committed 10176K, reserved 327680K
}
Event: 123.690 GC heap after
{Heap after GC invocations=45 (full 0):
 garbage-first heap   total 295936K, used 122686K [0x00000000e0000000, 0x0000000100000000)
  region size 1024K, 2 young (2048K), 2 survivors (2048K)
 Metaspace       used 72612K, committed 73600K, reserved 393216K
  class space    used 9766K, committed 10176K, reserved 327680K
}
Event: 124.519 GC heap before
{Heap before GC invocations=45 (full 0):
 garbage-first heap   total 295936K, used 218942K [0x00000000e0000000, 0x0000000100000000)
  region size 1024K, 96 young (98304K), 2 survivors (2048K)
 Metaspace       used 72619K, committed 73600K, reserved 393216K
  class space    used 9766K, committed 10176K, reserved 327680K
}
Event: 124.521 GC heap after
{Heap after GC invocations=46 (full 0):
 garbage-first heap   total 295936K, used 119736K [0x00000000e0000000, 0x0000000100000000)
  region size 1024K, 1 young (1024K), 1 survivors (1024K)
 Metaspace       used 72619K, committed 73600K, reserved 393216K
  class space    used 9766K, committed 10176K, reserved 327680K
}

